SimpleCalc/app/build/intermediates/manifest_merge_blame_file/debug/manifest-merger-blame-debug-report.txt
1<?xml version="1.0" encoding="utf-8"?>
2<!--
3  Copyright 2018 Google Inc.
4  Licensed under the Apache License, Version 2.0 (the "License");
5  you may not use this file except in compliance with the License.
6  You may obtain a copy of the License at
7      http://www.apache.org/licenses/LICENSE-2.0
8  Unless required by applicable law or agreed to in writing, software
9  distributed under the License is distributed on an "AS IS" BASIS,
10  WITHOUT WARRANTIES OR CONDITIONS OF ANY KIND, either express or implied.
11  See the License for the specific language governing permissions and
12  limitations under the License.
13-->
14<manifest xmlns:android="http://schemas.android.com/apk/res/android"
15    package="com.example.android.SimpleCalc"
16    android:versionCode="1"
17    android:versionName="1.0" >
18
19    <uses-sdk
20        android:minSdkVersion="15"
20-->src\main\AndroidManifest.xml
21        android:targetSdkVersion="27" />
21-->src\main\AndroidManifest.xml
22
23    <application
23-->src\main\AndroidManifest.xml:16:5-28:19
24        android:allowBackup="true"
24-->src\main\AndroidManifest.xml:17:9-35
25        android:debuggable="true"
26        android:icon="@mipmap/ic_launcher"
26-->src\main\AndroidManifest.xml:18:9-43
27        android:label="@string/app_name"
27-->src\main\AndroidManifest.xml:19:9-41
28        android:supportsRtl="true"
28-->src\main\AndroidManifest.xml:20:9-35
29        android:theme="@style/AppTheme" >
29-->src\main\AndroidManifest.xml:21:9-40
30        <activity android:name="com.example.android.SimpleCalc.MainActivity" >
30-->src\main\AndroidManifest.xml:22:9-27:20
30-->src\main\AndroidManifest.xml:22:19-77
31            <intent-filter>
31-->src\main\AndroidManifest.xml:23:13-26:29
32                <action android:name="android.intent.action.MAIN" />
32-->src\main\AndroidManifest.xml:24:17-69
32-->src\main\AndroidManifest.xml:24:25-66
33
34                <category android:name="android.intent.category.LAUNCHER" />
34-->src\main\AndroidManifest.xml:25:17-77
34-->src\main\AndroidManifest.xml:25:27-74
35            </intent-filter>
36        </activity>
37    </application>
38
39</manifest>